<?xml version="1.0" encoding="UTF-8"?>
<!-- Generated by org.testng.reporters.JUnitReportReporter -->
<testsuite skipped="0" hostname="DESKTOP-NLUCBKR" name="com.TestNG.TestNG" tests="1" failures="0" timestamp="2020-04-13T12:54:08 EDT" time="12.874" errors="0">
  <testcase name="getTrip" time="12.874" classname="com.TestNG.TestNG"/>
  <system-out/>
</testsuite> <!-- com.TestNG.TestNG -->
