<?xml version="1.0" encoding="UTF-8"?>
<!-- Generated by org.testng.reporters.JUnitReportReporter -->
<testsuite skipped="0" hostname="DESKTOP-NLUCBKR" name="com.runner.Zoopla" tests="2" failures="0" timestamp="2020-04-13T13:09:12 EDT" time="35.893" errors="0">
  <testcase name="runScenario" time="12.806" classname="com.runner.Zoopla"/>
  <system-out/>
  <testcase name="runScenario" time="23.087" classname="com.runner.Zoopla"/>
  <system-out/>
</testsuite> <!-- com.runner.Zoopla -->
