<?xml version="1.0" encoding="UTF-8"?>
<!-- Generated by org.testng.reporters.JUnitReportReporter -->
<testsuite skipped="0" hostname="DESKTOP-NLUCBKR" name="com.TestNG.TestNG" tests="1" failures="0" timestamp="2020-03-25T10:48:11 EDT" time="9.830" errors="0">
  <testcase name="getTrip" time="9.830" classname="com.TestNG.TestNG"/>
  <system-out/>
</testsuite> <!-- com.TestNG.TestNG -->
